<?xml version="1.0" encoding="UTF-8"?>
<testsuite name="ProverbTest" tests="6" skipped="0" failures="0" errors="0" timestamp="2018-08-08T09:20:18" hostname="MacBook-Pro-7.lan" time="0.003">
  <properties/>
  <testcase name="shortChainOfConsequences" classname="ProverbTest" time="0.002"/>
  <testcase name="fullProverb" classname="ProverbTest" time="0.0"/>
  <testcase name="zeroWordsAreGiven" classname="ProverbTest" time="0.001"/>
  <testcase name="singlePieceOfProverb" classname="ProverbTest" time="0.0"/>
  <testcase name="twoPiecesOfProverb" classname="ProverbTest" time="0.0"/>
  <testcase name="fourPiecesModernizedProverb" classname="ProverbTest" time="0.0"/>
  <system-out><![CDATA[]]></system-out>
  <system-err><![CDATA[]]></system-err>
</testsuite>
